Using pre-set license
Built from '2022.3/staging' branch; Version is '2022.3.16f1 (d2c21f0ef2f1) revision 13812255'; Using compiler version '192829333'; Build Type 'Release'
OS: 'Windows 11  (10.0.26100) 64bit Core' Language: 'en' Physical Memory: 7883 MB
BatchMode: 1, IsHumanControllingUs: 0, StartBugReporterOnCrash: 0, Is64bit: 1, IsPro: 1

COMMAND LINE ARGUMENTS:
C:\Program Files\Unity\Hub\Editor\2022.3.16f1\Editor\Unity.exe
-adb2
-batchMode
-noUpm
-name
AssetImportWorker0
-projectPath
D:/_My games/UADE/uade-sistemas-de-juego
-logFile
Logs/AssetImportWorker0.log
-srvPort
57193
Successfully changed project path to: D:/_My games/UADE/uade-sistemas-de-juego
D:/_My games/UADE/uade-sistemas-de-juego
[UnityMemory] Configuration Parameters - Can be set up in boot.config
    "memorysetup-bucket-allocator-granularity=16"
    "memorysetup-bucket-allocator-bucket-count=8"
    "memorysetup-bucket-allocator-block-size=33554432"
    "memorysetup-bucket-allocator-block-count=8"
    "memorysetup-main-allocator-block-size=16777216"
    "memorysetup-thread-allocator-block-size=16777216"
    "memorysetup-gfx-main-allocator-block-size=16777216"
    "memorysetup-gfx-thread-allocator-block-size=16777216"
    "memorysetup-cache-allocator-block-size=4194304"
    "memorysetup-typetree-allocator-block-size=2097152"
    "memorysetup-profiler-bucket-allocator-granularity=16"
    "memorysetup-profiler-bucket-allocator-bucket-count=8"
    "memorysetup-profiler-bucket-allocator-block-size=33554432"
    "memorysetup-profiler-bucket-allocator-block-count=8"
    "memorysetup-profiler-allocator-block-size=16777216"
    "memorysetup-profiler-editor-allocator-block-size=1048576"
    "memorysetup-temp-allocator-size-main=16777216"
    "memorysetup-job-temp-allocator-block-size=2097152"
    "memorysetup-job-temp-allocator-block-size-background=1048576"
    "memorysetup-job-temp-allocator-reduction-small-platforms=262144"
    "memorysetup-allocator-temp-initial-block-size-main=262144"
    "memorysetup-allocator-temp-initial-block-size-worker=262144"
    "memorysetup-temp-allocator-size-background-worker=32768"
    "memorysetup-temp-allocator-size-job-worker=262144"
    "memorysetup-temp-allocator-size-preload-manager=33554432"
    "memorysetup-temp-allocator-size-nav-mesh-worker=65536"
    "memorysetup-temp-allocator-size-audio-worker=65536"
    "memorysetup-temp-allocator-size-cloud-worker=32768"
    "memorysetup-temp-allocator-size-gi-baking-worker=262144"
    "memorysetup-temp-allocator-size-gfx=262144"
Player connection [20848] Host "[IP] 192.168.1.9 [Port] 0 [Flags] 2 [Guid] 3597826372 [EditorId] 3597826372 [Version] 1048832 [Id] WindowsEditor(7,LAPTOP-2MHS0O6T) [Debug] 1 [PackageName] WindowsEditor [ProjectName] Editor" joined multi-casting on [225.0.0.222:54997]...

Player connection [20848] Host "[IP] 192.168.1.9 [Port] 0 [Flags] 2 [Guid] 3597826372 [EditorId] 3597826372 [Version] 1048832 [Id] WindowsEditor(7,LAPTOP-2MHS0O6T) [Debug] 1 [PackageName] WindowsEditor [ProjectName] Editor" joined alternative multi-casting on [225.0.0.222:34997]...

[Physics::Module] Initialized MultithreadedJobDispatcher with 7 workers.
Refreshing native plugins compatible for Editor in 247.22 ms, found 4 plugins.
Preloading 0 native plugins for Editor in 0.00 ms.
Initialize engine version: 2022.3.16f1 (d2c21f0ef2f1)
[Subsystems] Discovering subsystems at path C:/Program Files/Unity/Hub/Editor/2022.3.16f1/Editor/Data/Resources/UnitySubsystems
[Subsystems] Discovering subsystems at path D:/_My games/UADE/uade-sistemas-de-juego/Assets
GfxDevice: creating device client; threaded=0; jobified=0
Direct3D:
    Version:  Direct3D 11.0 [level 11.1]
    Renderer: NVIDIA GeForce RTX 3050 Ti Laptop GPU (ID=0x25a0)
    Vendor:   NVIDIA
    VRAM:     3962 MB
    Driver:   32.0.15.5597
Initialize mono
Mono path[0] = 'C:/Program Files/Unity/Hub/Editor/2022.3.16f1/Editor/Data/Managed'
Mono path[1] = 'C:/Program Files/Unity/Hub/Editor/2022.3.16f1/Editor/Data/MonoBleedingEdge/lib/mono/unityjit-win32'
Mono config path = 'C:/Program Files/Unity/Hub/Editor/2022.3.16f1/Editor/Data/MonoBleedingEdge/etc'
Using monoOptions --debugger-agent=transport=dt_socket,embedding=1,server=y,suspend=n,address=127.0.0.1:56600
Begin MonoManager ReloadAssembly
Registering precompiled unity dll's ...
Register platform support module: C:/Program Files/Unity/Hub/Editor/2022.3.16f1/Editor/Data/PlaybackEngines/WindowsStandaloneSupport/UnityEditor.WindowsStandalone.Extensions.dll
Registered in 0.015071 seconds.
- Loaded All Assemblies, in  0.827 seconds
Native extension for WindowsStandalone target not found
Mono: successfully reloaded assembly
- Finished resetting the current domain, in  0.657 seconds
Domain Reload Profiling: 1483ms
	BeginReloadAssembly (254ms)
		ExecutionOrderSort (0ms)
		DisableScriptedObjects (0ms)
		BackupInstance (0ms)
		ReleaseScriptingObjects (0ms)
		CreateAndSetChildDomain (3ms)
	RebuildCommonClasses (56ms)
	RebuildNativeTypeToScriptingClass (15ms)
	initialDomainReloadingComplete (101ms)
	LoadAllAssembliesAndSetupDomain (398ms)
		LoadAssemblies (246ms)
		RebuildTransferFunctionScriptingTraits (0ms)
		AnalyzeDomain (395ms)
			TypeCache.Refresh (392ms)
				TypeCache.ScanAssembly (346ms)
			ScanForSourceGeneratedMonoScriptInfo (1ms)
			ResolveRequiredComponents (2ms)
	FinalizeReload (658ms)
		ReleaseScriptCaches (0ms)
		RebuildScriptCaches (0ms)
		SetupLoadedEditorAssemblies (535ms)
			LogAssemblyErrors (0ms)
			InitializePlatformSupportModulesInManaged (16ms)
			SetLoadedEditorAssemblies (16ms)
			RefreshPlugins (0ms)
			BeforeProcessingInitializeOnLoad (6ms)
			ProcessInitializeOnLoadAttributes (370ms)
			ProcessInitializeOnLoadMethodAttributes (125ms)
			AfterProcessingInitializeOnLoad (0ms)
			EditorAssembliesLoaded (3ms)
		ExecutionOrderSort2 (0ms)
		AwakeInstancesAfterBackupRestoration (0ms)
========================================================================
Worker process is ready to serve import requests
Begin MonoManager ReloadAssembly
- Loaded All Assemblies, in  2.112 seconds
Refreshing native plugins compatible for Editor in 8.21 ms, found 4 plugins.
Native extension for WindowsStandalone target not found
Mono: successfully reloaded assembly
- Finished resetting the current domain, in  1.495 seconds
Domain Reload Profiling: 3569ms
	BeginReloadAssembly (240ms)
		ExecutionOrderSort (0ms)
		DisableScriptedObjects (10ms)
		BackupInstance (0ms)
		ReleaseScriptingObjects (0ms)
		CreateAndSetChildDomain (34ms)
	RebuildCommonClasses (57ms)
	RebuildNativeTypeToScriptingClass (16ms)
	initialDomainReloadingComplete (63ms)
	LoadAllAssembliesAndSetupDomain (1696ms)
		LoadAssemblies (1398ms)
		RebuildTransferFunctionScriptingTraits (0ms)
		AnalyzeDomain (441ms)
			TypeCache.Refresh (357ms)
				TypeCache.ScanAssembly (320ms)
			ScanForSourceGeneratedMonoScriptInfo (64ms)
			ResolveRequiredComponents (18ms)
	FinalizeReload (1496ms)
		ReleaseScriptCaches (0ms)
		RebuildScriptCaches (0ms)
		SetupLoadedEditorAssemblies (1181ms)
			LogAssemblyErrors (0ms)
			InitializePlatformSupportModulesInManaged (8ms)
			SetLoadedEditorAssemblies (5ms)
			RefreshPlugins (0ms)
			BeforeProcessingInitializeOnLoad (141ms)
			ProcessInitializeOnLoadAttributes (862ms)
			ProcessInitializeOnLoadMethodAttributes (154ms)
			AfterProcessingInitializeOnLoad (12ms)
			EditorAssembliesLoaded (1ms)
		ExecutionOrderSort2 (0ms)
		AwakeInstancesAfterBackupRestoration (15ms)
Launched and connected shader compiler UnityShaderCompiler.exe after 0.10 seconds
Refreshing native plugins compatible for Editor in 6.82 ms, found 4 plugins.
Preloading 0 native plugins for Editor in 0.00 ms.
Unloading 6047 Unused Serialized files (Serialized files now loaded: 0)
Unloading 101 unused Assets / (1.6 MB). Loaded Objects now: 6499.
Memory consumption went from 242.9 MB to 241.4 MB.
Total: 9.595400 ms (FindLiveObjects: 0.678300 ms CreateObjectMapping: 0.790100 ms MarkObjects: 6.053700 ms  DeleteObjects: 2.071500 ms)

AssetImportParameters requested are different than current active one (requested -> active):
  custom:container-demuxer-ogg: 62fdf1f143b41e24485cea50d1cbac27 -> 
  custom:video-codec-MediaFoundation-h265: 746d11721c4dcdbdad8f713fa42b33f4 -> 
  custom:video-decoder-ogg-theora: a1e56fd34408186e4bbccfd4996cb3dc -> 
  custom:framework-win-MediaFoundation: 216162199b28c13a410421893ffa2e32 -> 
  custom:CustomObjectIndexerAttribute: 39606d92bcf39ac9cd6fca1116091104 -> 
  custom:container-demuxer-webm: 4f35f7cbe854078d1ac9338744f61a02 -> 
  custom:container-muxer-webm: aa71ff27fc2769a1b78a27578f13a17b -> 
  custom:video-decoder-webm-vp8: 9c59270c3fd7afecdb556c50c9e8de78 -> 
  custom:SearchIndexIgnoredProperties: e643bd26f0fe6173181afceb89e7c659 -> 
  custom:AudioImporter_EditorPlatform: d09bf68614088b80899f8185d706f6e7 -> 
  custom:video-encoder-webm-vp8: eb34c28f22e8b96e1ab97ce403110664 -> 
  custom:audio-decoder-ogg-vorbis: bf7c407c2cedff20999df2af8eb42d56 -> 
  custom:audio-encoder-webm-vorbis: bf7c407c2cedff20999df2af8eb42d56 -> 
========================================================================
Received Import Request.
  Time since last request: 3907.360781 seconds.
  path: Assets/Sprites/Towers/Electric tower.png
  artifactKey: Guid(a8d4f215579df82419f54e1423d1aad2) Importer(815301076,1909f56bfc062723c751e8b465ee728b)
Start importing Assets/Sprites/Towers/Electric tower.png using Guid(a8d4f215579df82419f54e1423d1aad2) Importer(815301076,1909f56bfc062723c751e8b465ee728b)  -> (artifact id: 'a3f31d176aa3c811e94d3b71b3e062a7') in 0.121316 seconds
Number of updated asset objects reloaded before import = 0
Number of asset objects unloaded after import = 2
========================================================================
Received Import Request.
  Time since last request: 15.531730 seconds.
  path: Assets/Sprites/Towers/Electric tower.png
  artifactKey: Guid(a8d4f215579df82419f54e1423d1aad2) Importer(815301076,1909f56bfc062723c751e8b465ee728b)
Start importing Assets/Sprites/Towers/Electric tower.png using Guid(a8d4f215579df82419f54e1423d1aad2) Importer(815301076,1909f56bfc062723c751e8b465ee728b)  -> (artifact id: '7c7e88b06485e6eaaf5bd0457b50568f') in 0.139728 seconds
Number of updated asset objects reloaded before import = 0
Number of asset objects unloaded after import = 14
========================================================================
Received Import Request.
  Time since last request: 4.684601 seconds.
  path: Assets/Sprites/Towers/Fire tower.png
  artifactKey: Guid(8d950bd0f94bbb14f9ffe3f290e1d826) Importer(815301076,1909f56bfc062723c751e8b465ee728b)
Start importing Assets/Sprites/Towers/Fire tower.png using Guid(8d950bd0f94bbb14f9ffe3f290e1d826) Importer(815301076,1909f56bfc062723c751e8b465ee728b)  -> (artifact id: 'eaf088c7ff4961b65d255bf9ce87bdf1') in 0.094823 seconds
Number of updated asset objects reloaded before import = 0
Number of asset objects unloaded after import = 2
========================================================================
Received Import Request.
  Time since last request: 14.982935 seconds.
  path: Assets/Sprites/Towers/Fire tower.png
  artifactKey: Guid(8d950bd0f94bbb14f9ffe3f290e1d826) Importer(815301076,1909f56bfc062723c751e8b465ee728b)
Start importing Assets/Sprites/Towers/Fire tower.png using Guid(8d950bd0f94bbb14f9ffe3f290e1d826) Importer(815301076,1909f56bfc062723c751e8b465ee728b)  -> (artifact id: '2349d757063810875ec5624d4ef01441') in 0.077535 seconds
Number of updated asset objects reloaded before import = 0
Number of asset objects unloaded after import = 8
========================================================================
Received Import Request.
  Time since last request: 5.274526 seconds.
  path: Assets/Sprites/Towers/Oil tower.png
  artifactKey: Guid(55bb9d94d46df374d8a837e4cb618408) Importer(815301076,1909f56bfc062723c751e8b465ee728b)
Start importing Assets/Sprites/Towers/Oil tower.png using Guid(55bb9d94d46df374d8a837e4cb618408) Importer(815301076,1909f56bfc062723c751e8b465ee728b)  -> (artifact id: 'b6c212c642c65451db82af02a6bde6ee') in 0.041437 seconds
Number of updated asset objects reloaded before import = 0
Number of asset objects unloaded after import = 2
========================================================================
Received Import Request.
  Time since last request: 26.044848 seconds.
  path: Assets/Sprites/Towers/Oil tower.png
  artifactKey: Guid(55bb9d94d46df374d8a837e4cb618408) Importer(815301076,1909f56bfc062723c751e8b465ee728b)
Start importing Assets/Sprites/Towers/Oil tower.png using Guid(55bb9d94d46df374d8a837e4cb618408) Importer(815301076,1909f56bfc062723c751e8b465ee728b)  -> (artifact id: 'd2dcbca7c144de12c28624dde7a948b4') in 0.063789 seconds
Number of updated asset objects reloaded before import = 0
Number of asset objects unloaded after import = 7
========================================================================
Received Import Request.
  Time since last request: 5.725105 seconds.
  path: Assets/Sprites/Towers/Stun tower.png
  artifactKey: Guid(164c34ed36544ae4a92e040a9e91ba1c) Importer(815301076,1909f56bfc062723c751e8b465ee728b)
Start importing Assets/Sprites/Towers/Stun tower.png using Guid(164c34ed36544ae4a92e040a9e91ba1c) Importer(815301076,1909f56bfc062723c751e8b465ee728b)  -> (artifact id: 'd1baf2e0715b51ed669f16ecacf4a37b') in 0.037148 seconds
Number of updated asset objects reloaded before import = 0
Number of asset objects unloaded after import = 2
========================================================================
Received Import Request.
  Time since last request: 25.304150 seconds.
  path: Assets/Sprites/Towers/Stun tower.png
  artifactKey: Guid(164c34ed36544ae4a92e040a9e91ba1c) Importer(815301076,1909f56bfc062723c751e8b465ee728b)
Start importing Assets/Sprites/Towers/Stun tower.png using Guid(164c34ed36544ae4a92e040a9e91ba1c) Importer(815301076,1909f56bfc062723c751e8b465ee728b)  -> (artifact id: 'e07c82369bdfeab29646bb88f210b997') in 0.100659 seconds
Number of updated asset objects reloaded before import = 0
Number of asset objects unloaded after import = 9
========================================================================
Received Import Request.
  Time since last request: 132.609910 seconds.
  path: Assets/Sprites/Towers
  artifactKey: Guid(997985cea9798974abb870533937bc42) Importer(815301076,1909f56bfc062723c751e8b465ee728b)
Start importing Assets/Sprites/Towers using Guid(997985cea9798974abb870533937bc42) Importer(815301076,1909f56bfc062723c751e8b465ee728b)  -> (artifact id: '386d0e7d64310ab7452ac6b0975c1445') in 0.001524 seconds
Number of updated asset objects reloaded before import = 0
Number of asset objects unloaded after import = 0
========================================================================
Received Import Request.
  Time since last request: 52.185995 seconds.
  path: Assets/3. Prefabs/Towers/Actual towers/Electro tower prefab.prefab
  artifactKey: Guid(7e3de79d0cc86fb4cb490bcdb59fd044) Importer(815301076,1909f56bfc062723c751e8b465ee728b)
Start importing Assets/3. Prefabs/Towers/Actual towers/Electro tower prefab.prefab using Guid(7e3de79d0cc86fb4cb490bcdb59fd044) Importer(815301076,1909f56bfc062723c751e8b465ee728b)  -> (artifact id: '398ce0d371dade19e80b5bb8a3c079e3') in 0.327651 seconds
Number of updated asset objects reloaded before import = 0
Number of asset objects unloaded after import = 11
========================================================================
Received Import Request.
  Time since last request: 2.285860 seconds.
  path: Assets/3. Prefabs/Towers/Actual towers/Electro tower prefab.prefab
  artifactKey: Guid(7e3de79d0cc86fb4cb490bcdb59fd044) Importer(815301076,1909f56bfc062723c751e8b465ee728b)
Start importing Assets/3. Prefabs/Towers/Actual towers/Electro tower prefab.prefab using Guid(7e3de79d0cc86fb4cb490bcdb59fd044) Importer(815301076,1909f56bfc062723c751e8b465ee728b)  -> (artifact id: 'b8eb5bed941658d96c101ad4bcd76bcf') in 0.032743 seconds
Number of updated asset objects reloaded before import = 0
Number of asset objects unloaded after import = 10
========================================================================
Received Import Request.
  Time since last request: 15.850961 seconds.
  path: Assets/3. Prefabs/Towers/Actual towers/Electro tower prefab.prefab
  artifactKey: Guid(7e3de79d0cc86fb4cb490bcdb59fd044) Importer(815301076,1909f56bfc062723c751e8b465ee728b)
Start importing Assets/3. Prefabs/Towers/Actual towers/Electro tower prefab.prefab using Guid(7e3de79d0cc86fb4cb490bcdb59fd044) Importer(815301076,1909f56bfc062723c751e8b465ee728b)  -> (artifact id: 'a7dd3184523a3802415dc8325b76c37c') in 0.015397 seconds
Number of updated asset objects reloaded before import = 0
Number of asset objects unloaded after import = 11
========================================================================
Received Import Request.
  Time since last request: 50.272809 seconds.
  path: Assets/3. Prefabs/Towers/Actual towers/Oil tower prefab.prefab
  artifactKey: Guid(59448e0b3a9aa85419f7d7a7eb63cbd7) Importer(815301076,1909f56bfc062723c751e8b465ee728b)
Start importing Assets/3. Prefabs/Towers/Actual towers/Oil tower prefab.prefab using Guid(59448e0b3a9aa85419f7d7a7eb63cbd7) Importer(815301076,1909f56bfc062723c751e8b465ee728b)  -> (artifact id: '53e7ba6610e40a0dcdee8ad0fd50481b') in 0.050822 seconds
Number of updated asset objects reloaded before import = 0
Number of asset objects unloaded after import = 11
========================================================================
Received Import Request.
  Time since last request: 0.661852 seconds.
  path: Assets/3. Prefabs/Towers/Actual towers/Stun tower prefab.prefab
  artifactKey: Guid(61052c732dbed8249a8674d1d4002ff5) Importer(815301076,1909f56bfc062723c751e8b465ee728b)
Start importing Assets/3. Prefabs/Towers/Actual towers/Stun tower prefab.prefab using Guid(61052c732dbed8249a8674d1d4002ff5) Importer(815301076,1909f56bfc062723c751e8b465ee728b)  -> (artifact id: '29d9f76ae0cbc9a96fc137bd5c63b1af') in 0.033892 seconds
Number of updated asset objects reloaded before import = 0
Number of asset objects unloaded after import = 11
========================================================================
Received Import Request.
  Time since last request: 3.009228 seconds.
  path: Assets/3. Prefabs/Towers/Actual towers/Fire tower prefab.prefab
  artifactKey: Guid(3afd684114e0aa7458717e0edc94cbdc) Importer(815301076,1909f56bfc062723c751e8b465ee728b)
Start importing Assets/3. Prefabs/Towers/Actual towers/Fire tower prefab.prefab using Guid(3afd684114e0aa7458717e0edc94cbdc) Importer(815301076,1909f56bfc062723c751e8b465ee728b)  -> (artifact id: '69e7a287aa30036d84599730bd528379') in 0.038045 seconds
Number of updated asset objects reloaded before import = 0
Number of asset objects unloaded after import = 11
========================================================================
Received Import Request.
  Time since last request: 140.701418 seconds.
  path: Assets/Sprites/Towers/Animations
  artifactKey: Guid(69a95e1358b016544baf29824b12d72c) Importer(815301076,1909f56bfc062723c751e8b465ee728b)
Start importing Assets/Sprites/Towers/Animations using Guid(69a95e1358b016544baf29824b12d72c) Importer(815301076,1909f56bfc062723c751e8b465ee728b)  -> (artifact id: 'beb785aeef43545e473618e948e10c8d') in 0.002191 seconds
Number of updated asset objects reloaded before import = 0
Number of asset objects unloaded after import = 0
========================================================================
Received Import Request.
  Time since last request: 74.213721 seconds.
  path: Assets/Sprites/Towers/Spritesheets 1
  artifactKey: Guid(f87b84ff14905784abbb93e75fca0c21) Importer(815301076,1909f56bfc062723c751e8b465ee728b)
Start importing Assets/Sprites/Towers/Spritesheets 1 using Guid(f87b84ff14905784abbb93e75fca0c21) Importer(815301076,1909f56bfc062723c751e8b465ee728b)  -> (artifact id: '6697fd5f905f4bd01f4dcee2577d814f') in 0.001486 seconds
Number of updated asset objects reloaded before import = 0
Number of asset objects unloaded after import = 0
========================================================================
Received Import Request.
  Time since last request: 6.299821 seconds.
  path: Assets/Sprites/Towers/Spritesheets
  artifactKey: Guid(1a3f16f04a0acb74cba686c9911323f9) Importer(815301076,1909f56bfc062723c751e8b465ee728b)
Start importing Assets/Sprites/Towers/Spritesheets using Guid(1a3f16f04a0acb74cba686c9911323f9) Importer(815301076,1909f56bfc062723c751e8b465ee728b)  -> (artifact id: 'ec1f1da28bfdf27261769414c639ac98') in 0.001825 seconds
Number of updated asset objects reloaded before import = 0
Number of asset objects unloaded after import = 0
========================================================================
Received Import Request.
  Time since last request: 32.592705 seconds.
  path: Assets/Sprites/Towers/Animations/Stun tower prefab.controller
  artifactKey: Guid(7bee315f4e9e26c47af7a69c4097d7c1) Importer(815301076,1909f56bfc062723c751e8b465ee728b)
Start importing Assets/Sprites/Towers/Animations/Stun tower prefab.controller using Guid(7bee315f4e9e26c47af7a69c4097d7c1) Importer(815301076,1909f56bfc062723c751e8b465ee728b)  -> (artifact id: '5334340f225b9a3a2f01244d26a8b10f') in 0.036647 seconds
Number of updated asset objects reloaded before import = 0
Number of asset objects unloaded after import = 4
========================================================================
Received Import Request.
  Time since last request: 1.193244 seconds.
  path: Assets/Sprites/Towers/Animations/New Animation.anim
  artifactKey: Guid(8982b5d9f0b19494c94f2e942ef2350d) Importer(815301076,1909f56bfc062723c751e8b465ee728b)
Start importing Assets/Sprites/Towers/Animations/New Animation.anim using Guid(8982b5d9f0b19494c94f2e942ef2350d) Importer(815301076,1909f56bfc062723c751e8b465ee728b)  -> (artifact id: 'a80b7cba9cb0656312f706142e99181f') in 0.002791 seconds
Number of updated asset objects reloaded before import = 0
Number of asset objects unloaded after import = 1
========================================================================
Received Import Request.
  Time since last request: 400.505434 seconds.
  path: Assets/3. Prefabs/Towers/Actual towers/Stun tower prefab.prefab
  artifactKey: Guid(61052c732dbed8249a8674d1d4002ff5) Importer(815301076,1909f56bfc062723c751e8b465ee728b)
Start importing Assets/3. Prefabs/Towers/Actual towers/Stun tower prefab.prefab using Guid(61052c732dbed8249a8674d1d4002ff5) Importer(815301076,1909f56bfc062723c751e8b465ee728b)  -> (artifact id: '257d6625e3a9fa5969753a549deab892') in 0.254264 seconds
Number of updated asset objects reloaded before import = 0
Number of asset objects unloaded after import = 24
========================================================================
Received Prepare
Begin MonoManager ReloadAssembly
- Loaded All Assemblies, in  3.260 seconds
Refreshing native plugins compatible for Editor in 9.66 ms, found 4 plugins.
Native extension for WindowsStandalone target not found
Mono: successfully reloaded assembly
- Finished resetting the current domain, in 11.259 seconds
Domain Reload Profiling: 14516ms
	BeginReloadAssembly (1535ms)
		ExecutionOrderSort (1ms)
		DisableScriptedObjects (445ms)
		BackupInstance (0ms)
		ReleaseScriptingObjects (1ms)
		CreateAndSetChildDomain (627ms)
	RebuildCommonClasses (67ms)
	RebuildNativeTypeToScriptingClass (24ms)
	initialDomainReloadingComplete (83ms)
	LoadAllAssembliesAndSetupDomain (1548ms)
		LoadAssemblies (1568ms)
		RebuildTransferFunctionScriptingTraits (0ms)
		AnalyzeDomain (260ms)
			TypeCache.Refresh (195ms)
				TypeCache.ScanAssembly (0ms)
			ScanForSourceGeneratedMonoScriptInfo (2ms)
			ResolveRequiredComponents (62ms)
	FinalizeReload (11260ms)
		ReleaseScriptCaches (0ms)
		RebuildScriptCaches (0ms)
		SetupLoadedEditorAssemblies (1161ms)
			LogAssemblyErrors (0ms)
			InitializePlatformSupportModulesInManaged (24ms)
			SetLoadedEditorAssemblies (11ms)
			RefreshPlugins (0ms)
			BeforeProcessingInitializeOnLoad (163ms)
			ProcessInitializeOnLoadAttributes (771ms)
			ProcessInitializeOnLoadMethodAttributes (178ms)
			AfterProcessingInitializeOnLoad (12ms)
			EditorAssembliesLoaded (3ms)
		ExecutionOrderSort2 (0ms)
		AwakeInstancesAfterBackupRestoration (37ms)
Refreshing native plugins compatible for Editor in 13.05 ms, found 4 plugins.
Preloading 0 native plugins for Editor in 0.00 ms.
Unloading 5854 Unused Serialized files (Serialized files now loaded: 0)
Unloading 64 unused Assets / (1.5 MB). Loaded Objects now: 6559.
Memory consumption went from 213.5 MB to 212.0 MB.
Total: 12.387300 ms (FindLiveObjects: 2.256000 ms CreateObjectMapping: 1.021300 ms MarkObjects: 7.718300 ms  DeleteObjects: 1.387900 ms)

Prepare: number of updated asset objects reloaded= 0
AssetImportParameters requested are different than current active one (requested -> active):
  custom:container-demuxer-ogg: 62fdf1f143b41e24485cea50d1cbac27 -> 
  custom:video-codec-MediaFoundation-h265: 746d11721c4dcdbdad8f713fa42b33f4 -> 
  custom:video-decoder-ogg-theora: a1e56fd34408186e4bbccfd4996cb3dc -> 
  custom:framework-win-MediaFoundation: 216162199b28c13a410421893ffa2e32 -> 
  custom:CustomObjectIndexerAttribute: 39606d92bcf39ac9cd6fca1116091104 -> 
  custom:container-demuxer-webm: 4f35f7cbe854078d1ac9338744f61a02 -> 
  custom:container-muxer-webm: aa71ff27fc2769a1b78a27578f13a17b -> 
  custom:video-decoder-webm-vp8: 9c59270c3fd7afecdb556c50c9e8de78 -> 
  custom:SearchIndexIgnoredProperties: e643bd26f0fe6173181afceb89e7c659 -> 
  custom:AudioImporter_EditorPlatform: d09bf68614088b80899f8185d706f6e7 -> 
  custom:video-encoder-webm-vp8: eb34c28f22e8b96e1ab97ce403110664 -> 
  custom:audio-decoder-ogg-vorbis: bf7c407c2cedff20999df2af8eb42d56 -> 
  custom:audio-encoder-webm-vorbis: bf7c407c2cedff20999df2af8eb42d56 -> 
========================================================================
Received Import Request.
  Time since last request: 82.041397 seconds.
  path: Assets/Sprites/Towers/Animations/Stun tower prefab.controller
  artifactKey: Guid(7bee315f4e9e26c47af7a69c4097d7c1) Importer(815301076,1909f56bfc062723c751e8b465ee728b)
Start importing Assets/Sprites/Towers/Animations/Stun tower prefab.controller using Guid(7bee315f4e9e26c47af7a69c4097d7c1) Importer(815301076,1909f56bfc062723c751e8b465ee728b)  -> (artifact id: '3bc7865b150a21d30e8f261105060b7e') in 0.055858 seconds
Number of updated asset objects reloaded before import = 0
Number of asset objects unloaded after import = 5
========================================================================
Received Import Request.
  Time since last request: 14.695428 seconds.
  path: Assets/Sprites/Towers/Animations/Stun tower prefab.controller
  artifactKey: Guid(7bee315f4e9e26c47af7a69c4097d7c1) Importer(815301076,1909f56bfc062723c751e8b465ee728b)
Start importing Assets/Sprites/Towers/Animations/Stun tower prefab.controller using Guid(7bee315f4e9e26c47af7a69c4097d7c1) Importer(815301076,1909f56bfc062723c751e8b465ee728b)  -> (artifact id: '0637ca00194fd6fd446dce9b21720970') in 0.003733 seconds
Number of updated asset objects reloaded before import = 0
Number of asset objects unloaded after import = 4
========================================================================
Received Prepare
Begin MonoManager ReloadAssembly
- Loaded All Assemblies, in  1.921 seconds
Refreshing native plugins compatible for Editor in 119.99 ms, found 4 plugins.
Native extension for WindowsStandalone target not found
Mono: successfully reloaded assembly
- Finished resetting the current domain, in 16.582 seconds
Domain Reload Profiling: 18504ms
	BeginReloadAssembly (385ms)
		ExecutionOrderSort (0ms)
		DisableScriptedObjects (26ms)
		BackupInstance (0ms)
		ReleaseScriptingObjects (0ms)
		CreateAndSetChildDomain (144ms)
	RebuildCommonClasses (49ms)
	RebuildNativeTypeToScriptingClass (16ms)
	initialDomainReloadingComplete (47ms)
	LoadAllAssembliesAndSetupDomain (1425ms)
		LoadAssemblies (1479ms)
		RebuildTransferFunctionScriptingTraits (0ms)
		AnalyzeDomain (110ms)
			TypeCache.Refresh (50ms)
				TypeCache.ScanAssembly (0ms)
			ScanForSourceGeneratedMonoScriptInfo (1ms)
			ResolveRequiredComponents (57ms)
	FinalizeReload (16583ms)
		ReleaseScriptCaches (0ms)
		RebuildScriptCaches (0ms)
		SetupLoadedEditorAssemblies (1049ms)
			LogAssemblyErrors (0ms)
			InitializePlatformSupportModulesInManaged (17ms)
			SetLoadedEditorAssemblies (7ms)
			RefreshPlugins (0ms)
			BeforeProcessingInitializeOnLoad (134ms)
			ProcessInitializeOnLoadAttributes (728ms)
			ProcessInitializeOnLoadMethodAttributes (148ms)
			AfterProcessingInitializeOnLoad (15ms)
			EditorAssembliesLoaded (0ms)
		ExecutionOrderSort2 (0ms)
		AwakeInstancesAfterBackupRestoration (33ms)
Refreshing native plugins compatible for Editor in 7.73 ms, found 4 plugins.
Preloading 0 native plugins for Editor in 0.00 ms.
Unloading 5854 Unused Serialized files (Serialized files now loaded: 0)
Unloading 64 unused Assets / (1.5 MB). Loaded Objects now: 6564.
Memory consumption went from 215.4 MB to 213.9 MB.
Total: 22.818600 ms (FindLiveObjects: 1.927700 ms CreateObjectMapping: 1.941100 ms MarkObjects: 17.783600 ms  DeleteObjects: 1.161800 ms)

Prepare: number of updated asset objects reloaded= 0
AssetImportParameters requested are different than current active one (requested -> active):
  custom:container-demuxer-ogg: 62fdf1f143b41e24485cea50d1cbac27 -> 
  custom:video-codec-MediaFoundation-h265: 746d11721c4dcdbdad8f713fa42b33f4 -> 
  custom:video-decoder-ogg-theora: a1e56fd34408186e4bbccfd4996cb3dc -> 
  custom:framework-win-MediaFoundation: 216162199b28c13a410421893ffa2e32 -> 
  custom:CustomObjectIndexerAttribute: 39606d92bcf39ac9cd6fca1116091104 -> 
  custom:container-demuxer-webm: 4f35f7cbe854078d1ac9338744f61a02 -> 
  custom:container-muxer-webm: aa71ff27fc2769a1b78a27578f13a17b -> 
  custom:video-decoder-webm-vp8: 9c59270c3fd7afecdb556c50c9e8de78 -> 
  custom:SearchIndexIgnoredProperties: e643bd26f0fe6173181afceb89e7c659 -> 
  custom:AudioImporter_EditorPlatform: d09bf68614088b80899f8185d706f6e7 -> 
  custom:video-encoder-webm-vp8: eb34c28f22e8b96e1ab97ce403110664 -> 
  custom:audio-decoder-ogg-vorbis: bf7c407c2cedff20999df2af8eb42d56 -> 
  custom:audio-encoder-webm-vorbis: bf7c407c2cedff20999df2af8eb42d56 -> 
========================================================================
Received Import Request.
  Time since last request: 72.293399 seconds.
  path: Assets/Sprites/Towers/Spritesheets/Stun tower.png
  artifactKey: Guid(164c34ed36544ae4a92e040a9e91ba1c) Importer(815301076,1909f56bfc062723c751e8b465ee728b)
Start importing Assets/Sprites/Towers/Spritesheets/Stun tower.png using Guid(164c34ed36544ae4a92e040a9e91ba1c) Importer(815301076,1909f56bfc062723c751e8b465ee728b)  -> (artifact id: '3a912a8cf5f7ad24dfda283652516558') in 0.165321 seconds
Number of updated asset objects reloaded before import = 0
Number of asset objects unloaded after import = 9
========================================================================
Received Import Request.
  Time since last request: 26.575037 seconds.
  path: Assets/Sprites/Towers/Spritesheets/Electric tower.png
  artifactKey: Guid(a8d4f215579df82419f54e1423d1aad2) Importer(815301076,1909f56bfc062723c751e8b465ee728b)
Start importing Assets/Sprites/Towers/Spritesheets/Electric tower.png using Guid(a8d4f215579df82419f54e1423d1aad2) Importer(815301076,1909f56bfc062723c751e8b465ee728b)  -> (artifact id: '731a1072ac0b53b778f1af9b5c74448c') in 0.113526 seconds
Number of updated asset objects reloaded before import = 0
Number of asset objects unloaded after import = 14
========================================================================
Received Import Request.
  Time since last request: 382.281739 seconds.
  path: Assets/Sprites/Towers/Animations/Electro tower prefab.controller
  artifactKey: Guid(31b297c5dffe714449daa93601d904b5) Importer(815301076,1909f56bfc062723c751e8b465ee728b)
Start importing Assets/Sprites/Towers/Animations/Electro tower prefab.controller using Guid(31b297c5dffe714449daa93601d904b5) Importer(815301076,1909f56bfc062723c751e8b465ee728b)  -> (artifact id: 'dfe7bd6192d1b2a1a8d6d5b654aaeeca') in 0.107006 seconds
Number of updated asset objects reloaded before import = 0
Number of asset objects unloaded after import = 4
========================================================================
Received Import Request.
  Time since last request: 0.298564 seconds.
  path: Assets/Sprites/Towers/Animations/Electro tower prefab.controller
  artifactKey: Guid(31b297c5dffe714449daa93601d904b5) Importer(815301076,1909f56bfc062723c751e8b465ee728b)
Start importing Assets/Sprites/Towers/Animations/Electro tower prefab.controller using Guid(31b297c5dffe714449daa93601d904b5) Importer(815301076,1909f56bfc062723c751e8b465ee728b)  -> (artifact id: 'bca77b2d8e85584386df2f1cd6ba8d31') in 0.002851 seconds
Number of updated asset objects reloaded before import = 0
Number of asset objects unloaded after import = 4
========================================================================
Received Import Request.
  Time since last request: 84.197278 seconds.
  path: Assets/Sprites/Towers/Spritesheets/Fire tower.png
  artifactKey: Guid(8d950bd0f94bbb14f9ffe3f290e1d826) Importer(815301076,1909f56bfc062723c751e8b465ee728b)
Start importing Assets/Sprites/Towers/Spritesheets/Fire tower.png using Guid(8d950bd0f94bbb14f9ffe3f290e1d826) Importer(815301076,1909f56bfc062723c751e8b465ee728b)  -> (artifact id: '4c5612804ac4ce7a4adccbfc72192d50') in 0.268992 seconds
Number of updated asset objects reloaded before import = 0
Number of asset objects unloaded after import = 8
========================================================================
Received Import Request.
  Time since last request: 246.687147 seconds.
  path: Assets/3. Prefabs/Towers/Actual towers/Fire tower prefab.prefab
  artifactKey: Guid(3afd684114e0aa7458717e0edc94cbdc) Importer(815301076,1909f56bfc062723c751e8b465ee728b)
Start importing Assets/3. Prefabs/Towers/Actual towers/Fire tower prefab.prefab using Guid(3afd684114e0aa7458717e0edc94cbdc) Importer(815301076,1909f56bfc062723c751e8b465ee728b)  -> (artifact id: '2e5920b6902c5042bfb5e6d32dae9e31') in 0.904143 seconds
Number of updated asset objects reloaded before import = 0
Number of asset objects unloaded after import = 33
========================================================================
Received Import Request.
  Time since last request: 25.657529 seconds.
  path: Assets/3. Prefabs/Towers/Actual towers/Fire tower prefab.prefab
  artifactKey: Guid(3afd684114e0aa7458717e0edc94cbdc) Importer(815301076,1909f56bfc062723c751e8b465ee728b)
Start importing Assets/3. Prefabs/Towers/Actual towers/Fire tower prefab.prefab using Guid(3afd684114e0aa7458717e0edc94cbdc) Importer(815301076,1909f56bfc062723c751e8b465ee728b)  -> (artifact id: '9e366d9fb7ae3fc888fa5ebd03ab99b0') in 0.047216 seconds
Number of updated asset objects reloaded before import = 0
Number of asset objects unloaded after import = 20
========================================================================
Received Import Request.
  Time since last request: 2.785454 seconds.
  path: Assets/3. Prefabs/Towers/Actual towers/Electro tower prefab.prefab
  artifactKey: Guid(7e3de79d0cc86fb4cb490bcdb59fd044) Importer(815301076,1909f56bfc062723c751e8b465ee728b)
Start importing Assets/3. Prefabs/Towers/Actual towers/Electro tower prefab.prefab using Guid(7e3de79d0cc86fb4cb490bcdb59fd044) Importer(815301076,1909f56bfc062723c751e8b465ee728b)  -> (artifact id: '21d6b6b3a875eb71549fd22da8ce88ca') in 0.045328 seconds
Number of updated asset objects reloaded before import = 0
Number of asset objects unloaded after import = 26
========================================================================
Received Import Request.
  Time since last request: 1.103122 seconds.
  path: Assets/3. Prefabs/Towers/Actual towers/Stun tower prefab.prefab
  artifactKey: Guid(61052c732dbed8249a8674d1d4002ff5) Importer(815301076,1909f56bfc062723c751e8b465ee728b)
Start importing Assets/3. Prefabs/Towers/Actual towers/Stun tower prefab.prefab using Guid(61052c732dbed8249a8674d1d4002ff5) Importer(815301076,1909f56bfc062723c751e8b465ee728b)  -> (artifact id: 'ae58dd927889922dffb03b848cf4988d') in 0.035541 seconds
Number of updated asset objects reloaded before import = 0
Number of asset objects unloaded after import = 21
========================================================================
Received Import Request.
  Time since last request: 25.149294 seconds.
  path: Assets/Sprites/Towers/Spritesheets/Oil tower.png
  artifactKey: Guid(55bb9d94d46df374d8a837e4cb618408) Importer(815301076,1909f56bfc062723c751e8b465ee728b)
Start importing Assets/Sprites/Towers/Spritesheets/Oil tower.png using Guid(55bb9d94d46df374d8a837e4cb618408) Importer(815301076,1909f56bfc062723c751e8b465ee728b)  -> (artifact id: 'b1c50a8a9f11a1db401739e33ba770ea') in 0.083760 seconds
Number of updated asset objects reloaded before import = 0
Number of asset objects unloaded after import = 7
========================================================================
Received Import Request.
  Time since last request: 55.463884 seconds.
  path: Assets/3. Prefabs/Towers/Actual towers/Oil tower prefab.prefab
  artifactKey: Guid(59448e0b3a9aa85419f7d7a7eb63cbd7) Importer(815301076,1909f56bfc062723c751e8b465ee728b)
Start importing Assets/3. Prefabs/Towers/Actual towers/Oil tower prefab.prefab using Guid(59448e0b3a9aa85419f7d7a7eb63cbd7) Importer(815301076,1909f56bfc062723c751e8b465ee728b)  -> (artifact id: 'fcfe47ad3d9bb46d8f7ef819cd033f16') in 0.035593 seconds
Number of updated asset objects reloaded before import = 0
Number of asset objects unloaded after import = 19
========================================================================
Received Import Request.
  Time since last request: 10.942019 seconds.
  path: Assets/3. Prefabs/Towers/Ghosts/Electro tower ghost prefab.prefab
  artifactKey: Guid(8811c564583871047ad7a9591c1d4dfe) Importer(815301076,1909f56bfc062723c751e8b465ee728b)
Start importing Assets/3. Prefabs/Towers/Ghosts/Electro tower ghost prefab.prefab using Guid(8811c564583871047ad7a9591c1d4dfe) Importer(815301076,1909f56bfc062723c751e8b465ee728b)  -> (artifact id: '83116c1057303c3e95dce39c965ab1f2') in 0.101569 seconds
Number of updated asset objects reloaded before import = 0
Number of asset objects unloaded after import = 8
========================================================================
Received Import Request.
  Time since last request: 3.950138 seconds.
  path: Assets/3. Prefabs/Towers/Ghosts/Electro tower ghost prefab.prefab
  artifactKey: Guid(8811c564583871047ad7a9591c1d4dfe) Importer(815301076,1909f56bfc062723c751e8b465ee728b)
Start importing Assets/3. Prefabs/Towers/Ghosts/Electro tower ghost prefab.prefab using Guid(8811c564583871047ad7a9591c1d4dfe) Importer(815301076,1909f56bfc062723c751e8b465ee728b)  -> (artifact id: 'cc201bf0880fac694e42ed5da0edf57d') in 0.023575 seconds
Number of updated asset objects reloaded before import = 0
Number of asset objects unloaded after import = 8
========================================================================
Received Import Request.
  Time since last request: 3.779390 seconds.
  path: Assets/3. Prefabs/Towers/Ghosts/Fire tower ghost prefab.prefab
  artifactKey: Guid(f83810f51e267a34a9fd3e3c0f291a18) Importer(815301076,1909f56bfc062723c751e8b465ee728b)
Start importing Assets/3. Prefabs/Towers/Ghosts/Fire tower ghost prefab.prefab using Guid(f83810f51e267a34a9fd3e3c0f291a18) Importer(815301076,1909f56bfc062723c751e8b465ee728b)  -> (artifact id: '3580239606d5d10c7ec0387744d5774f') in 0.022448 seconds
Number of updated asset objects reloaded before import = 0
Number of asset objects unloaded after import = 8
========================================================================
Received Import Request.
  Time since last request: 5.210718 seconds.
  path: Assets/3. Prefabs/Towers/Ghosts/Fire tower ghost prefab.prefab
  artifactKey: Guid(f83810f51e267a34a9fd3e3c0f291a18) Importer(815301076,1909f56bfc062723c751e8b465ee728b)
Start importing Assets/3. Prefabs/Towers/Ghosts/Fire tower ghost prefab.prefab using Guid(f83810f51e267a34a9fd3e3c0f291a18) Importer(815301076,1909f56bfc062723c751e8b465ee728b)  -> (artifact id: '352deeed1bbdcd39f7e82802edf46c52') in 0.020227 seconds
Number of updated asset objects reloaded before import = 0
Number of asset objects unloaded after import = 8
========================================================================
Received Import Request.
  Time since last request: 1.837964 seconds.
  path: Assets/3. Prefabs/Towers/Ghosts/Oil tower ghost prefab.prefab
  artifactKey: Guid(fed689070a399af4ebac57b2ff9456e8) Importer(815301076,1909f56bfc062723c751e8b465ee728b)
Start importing Assets/3. Prefabs/Towers/Ghosts/Oil tower ghost prefab.prefab using Guid(fed689070a399af4ebac57b2ff9456e8) Importer(815301076,1909f56bfc062723c751e8b465ee728b)  -> (artifact id: 'e43f27b746e2f96bd1eb1fbd0a69080d') in 0.030777 seconds
Number of updated asset objects reloaded before import = 0
Number of asset objects unloaded after import = 8
========================================================================
Received Import Request.
  Time since last request: 3.274396 seconds.
  path: Assets/3. Prefabs/Towers/Ghosts/Oil tower ghost prefab.prefab
  artifactKey: Guid(fed689070a399af4ebac57b2ff9456e8) Importer(815301076,1909f56bfc062723c751e8b465ee728b)
Start importing Assets/3. Prefabs/Towers/Ghosts/Oil tower ghost prefab.prefab using Guid(fed689070a399af4ebac57b2ff9456e8) Importer(815301076,1909f56bfc062723c751e8b465ee728b)  -> (artifact id: 'fed3f8ec730eb4504dd2c99f695aeeb2') in 0.362121 seconds
Number of updated asset objects reloaded before import = 0
Number of asset objects unloaded after import = 8
========================================================================
Received Import Request.
  Time since last request: 1.280454 seconds.
  path: Assets/3. Prefabs/Towers/Ghosts/Stun tower ghost prefab.prefab
  artifactKey: Guid(04f7c066484340c4891c6cbb7bb65e3a) Importer(815301076,1909f56bfc062723c751e8b465ee728b)
Start importing Assets/3. Prefabs/Towers/Ghosts/Stun tower ghost prefab.prefab using Guid(04f7c066484340c4891c6cbb7bb65e3a) Importer(815301076,1909f56bfc062723c751e8b465ee728b)  -> (artifact id: 'f2f325406b24d80f1a736e3a82d12780') in 0.024369 seconds
Number of updated asset objects reloaded before import = 0
Number of asset objects unloaded after import = 8
========================================================================
Received Import Request.
  Time since last request: 3.430264 seconds.
  path: Assets/3. Prefabs/Towers/Ghosts/Stun tower ghost prefab.prefab
  artifactKey: Guid(04f7c066484340c4891c6cbb7bb65e3a) Importer(815301076,1909f56bfc062723c751e8b465ee728b)
Start importing Assets/3. Prefabs/Towers/Ghosts/Stun tower ghost prefab.prefab using Guid(04f7c066484340c4891c6cbb7bb65e3a) Importer(815301076,1909f56bfc062723c751e8b465ee728b)  -> (artifact id: '8b1ac68df3ba45b42c86a8adb2960228') in 0.032574 seconds
Number of updated asset objects reloaded before import = 0
Number of asset objects unloaded after import = 8
========================================================================
Received Import Request.
  Time since last request: 3.616787 seconds.
  path: Assets/3. Prefabs/Towers/Ghosts/Stun tower ghost prefab.prefab
  artifactKey: Guid(04f7c066484340c4891c6cbb7bb65e3a) Importer(815301076,1909f56bfc062723c751e8b465ee728b)
Start importing Assets/3. Prefabs/Towers/Ghosts/Stun tower ghost prefab.prefab using Guid(04f7c066484340c4891c6cbb7bb65e3a) Importer(815301076,1909f56bfc062723c751e8b465ee728b)  -> (artifact id: 'd3dd636a32600c2422903a28cab1e352') in 0.015031 seconds
Number of updated asset objects reloaded before import = 0
Number of asset objects unloaded after import = 8
========================================================================
Received Import Request.
  Time since last request: 16.672183 seconds.
  path: Assets/3. Prefabs/Towers/Ghosts/Electro tower ghost prefab.prefab
  artifactKey: Guid(8811c564583871047ad7a9591c1d4dfe) Importer(815301076,1909f56bfc062723c751e8b465ee728b)
Start importing Assets/3. Prefabs/Towers/Ghosts/Electro tower ghost prefab.prefab using Guid(8811c564583871047ad7a9591c1d4dfe) Importer(815301076,1909f56bfc062723c751e8b465ee728b)  -> (artifact id: '97de962a47dab020e1b495d5dda79c57') in 0.031932 seconds
Number of updated asset objects reloaded before import = 0
Number of asset objects unloaded after import = 8
========================================================================
Received Import Request.
  Time since last request: 2.502819 seconds.
  path: Assets/3. Prefabs/Towers/Ghosts/Electro tower ghost prefab.prefab
  artifactKey: Guid(8811c564583871047ad7a9591c1d4dfe) Importer(815301076,1909f56bfc062723c751e8b465ee728b)
Start importing Assets/3. Prefabs/Towers/Ghosts/Electro tower ghost prefab.prefab using Guid(8811c564583871047ad7a9591c1d4dfe) Importer(815301076,1909f56bfc062723c751e8b465ee728b)  -> (artifact id: '1612a990f3c8c151ce3d58d80d5c72ca') in 0.035264 seconds
Number of updated asset objects reloaded before import = 0
Number of asset objects unloaded after import = 8
========================================================================
Received Prepare
Begin MonoManager ReloadAssembly
- Loaded All Assemblies, in  6.073 seconds
Refreshing native plugins compatible for Editor in 27.66 ms, found 4 plugins.
Native extension for WindowsStandalone target not found
Mono: successfully reloaded assembly
- Finished resetting the current domain, in 23.195 seconds
Domain Reload Profiling: 29290ms
	BeginReloadAssembly (1055ms)
		ExecutionOrderSort (0ms)
		DisableScriptedObjects (92ms)
		BackupInstance (0ms)
		ReleaseScriptingObjects (2ms)
		CreateAndSetChildDomain (505ms)
	RebuildCommonClasses (105ms)
	RebuildNativeTypeToScriptingClass (29ms)
	initialDomainReloadingComplete (87ms)
	LoadAllAssembliesAndSetupDomain (4818ms)
		LoadAssemblies (5008ms)
		RebuildTransferFunctionScriptingTraits (0ms)
		AnalyzeDomain (118ms)
			TypeCache.Refresh (53ms)
				TypeCache.ScanAssembly (0ms)
			ScanForSourceGeneratedMonoScriptInfo (2ms)
			ResolveRequiredComponents (52ms)
	FinalizeReload (23197ms)
		ReleaseScriptCaches (0ms)
		RebuildScriptCaches (0ms)
		SetupLoadedEditorAssemblies (1336ms)
			LogAssemblyErrors (0ms)
			InitializePlatformSupportModulesInManaged (16ms)
			SetLoadedEditorAssemblies (9ms)
			RefreshPlugins (0ms)
			BeforeProcessingInitializeOnLoad (284ms)
			ProcessInitializeOnLoadAttributes (906ms)
			ProcessInitializeOnLoadMethodAttributes (108ms)
			AfterProcessingInitializeOnLoad (13ms)
			EditorAssembliesLoaded (1ms)
		ExecutionOrderSort2 (0ms)
		AwakeInstancesAfterBackupRestoration (35ms)
Refreshing native plugins compatible for Editor in 31.49 ms, found 4 plugins.
Preloading 0 native plugins for Editor in 0.00 ms.
Unloading 5854 Unused Serialized files (Serialized files now loaded: 0)
Unloading 64 unused Assets / (1.5 MB). Loaded Objects now: 6606.
Memory consumption went from 217.5 MB to 216.0 MB.
Total: 333.646500 ms (FindLiveObjects: 0.912400 ms CreateObjectMapping: 0.295400 ms MarkObjects: 325.984400 ms  DeleteObjects: 6.443400 ms)

Prepare: number of updated asset objects reloaded= 0
AssetImportParameters requested are different than current active one (requested -> active):
  custom:container-demuxer-ogg: 62fdf1f143b41e24485cea50d1cbac27 -> 
  custom:video-codec-MediaFoundation-h265: 746d11721c4dcdbdad8f713fa42b33f4 -> 
  custom:video-decoder-ogg-theora: a1e56fd34408186e4bbccfd4996cb3dc -> 
  custom:framework-win-MediaFoundation: 216162199b28c13a410421893ffa2e32 -> 
  custom:CustomObjectIndexerAttribute: 39606d92bcf39ac9cd6fca1116091104 -> 
  custom:container-demuxer-webm: 4f35f7cbe854078d1ac9338744f61a02 -> 
  custom:container-muxer-webm: aa71ff27fc2769a1b78a27578f13a17b -> 
  custom:video-decoder-webm-vp8: 9c59270c3fd7afecdb556c50c9e8de78 -> 
  custom:SearchIndexIgnoredProperties: e643bd26f0fe6173181afceb89e7c659 -> 
  custom:AudioImporter_EditorPlatform: d09bf68614088b80899f8185d706f6e7 -> 
  custom:video-encoder-webm-vp8: eb34c28f22e8b96e1ab97ce403110664 -> 
  custom:audio-decoder-ogg-vorbis: bf7c407c2cedff20999df2af8eb42d56 -> 
  custom:audio-encoder-webm-vorbis: bf7c407c2cedff20999df2af8eb42d56 -> 
========================================================================
Received Import Request.
  Time since last request: 58.496119 seconds.
  path: Assets/3. Prefabs/Towers/Ghosts/Electro tower ghost prefab.prefab
  artifactKey: Guid(8811c564583871047ad7a9591c1d4dfe) Importer(815301076,1909f56bfc062723c751e8b465ee728b)
Start importing Assets/3. Prefabs/Towers/Ghosts/Electro tower ghost prefab.prefab using Guid(8811c564583871047ad7a9591c1d4dfe) Importer(815301076,1909f56bfc062723c751e8b465ee728b)  -> (artifact id: 'f19708ef1b052531d26de7563e1c060f') in 3.828392 seconds
Number of updated asset objects reloaded before import = 0
Number of asset objects unloaded after import = 26
========================================================================
Received Prepare
Begin MonoManager ReloadAssembly
- Loaded All Assemblies, in  3.309 seconds
Refreshing native plugins compatible for Editor in 19.68 ms, found 4 plugins.
Native extension for WindowsStandalone target not found
Mono: successfully reloaded assembly
- Finished resetting the current domain, in 27.398 seconds
Domain Reload Profiling: 30716ms
	BeginReloadAssembly (433ms)
		ExecutionOrderSort (0ms)
		DisableScriptedObjects (48ms)
		BackupInstance (0ms)
		ReleaseScriptingObjects (0ms)
		CreateAndSetChildDomain (170ms)
	RebuildCommonClasses (52ms)
	RebuildNativeTypeToScriptingClass (14ms)
	initialDomainReloadingComplete (70ms)
	LoadAllAssembliesAndSetupDomain (2746ms)
		LoadAssemblies (2818ms)
		RebuildTransferFunctionScriptingTraits (0ms)
		AnalyzeDomain (73ms)
			TypeCache.Refresh (32ms)
				TypeCache.ScanAssembly (0ms)
			ScanForSourceGeneratedMonoScriptInfo (1ms)
			ResolveRequiredComponents (38ms)
	FinalizeReload (27400ms)
		ReleaseScriptCaches (0ms)
		RebuildScriptCaches (0ms)
		SetupLoadedEditorAssemblies (3839ms)
			LogAssemblyErrors (0ms)
			InitializePlatformSupportModulesInManaged (470ms)
			SetLoadedEditorAssemblies (61ms)
			RefreshPlugins (0ms)
			BeforeProcessingInitializeOnLoad (860ms)
			ProcessInitializeOnLoadAttributes (1937ms)
			ProcessInitializeOnLoadMethodAttributes (481ms)
			AfterProcessingInitializeOnLoad (29ms)
			EditorAssembliesLoaded (1ms)
		ExecutionOrderSort2 (0ms)
		AwakeInstancesAfterBackupRestoration (57ms)
Refreshing native plugins compatible for Editor in 8.61 ms, found 4 plugins.
Preloading 0 native plugins for Editor in 0.00 ms.
Unloading 5854 Unused Serialized files (Serialized files now loaded: 0)
Unloading 64 unused Assets / (1.5 MB). Loaded Objects now: 6648.
Memory consumption went from 219.6 MB to 218.0 MB.
Total: 27.735000 ms (FindLiveObjects: 1.763600 ms CreateObjectMapping: 5.066100 ms MarkObjects: 18.868700 ms  DeleteObjects: 2.032300 ms)

Prepare: number of updated asset objects reloaded= 0
AssetImportParameters requested are different than current active one (requested -> active):
  custom:container-demuxer-ogg: 62fdf1f143b41e24485cea50d1cbac27 -> 
  custom:video-codec-MediaFoundation-h265: 746d11721c4dcdbdad8f713fa42b33f4 -> 
  custom:video-decoder-ogg-theora: a1e56fd34408186e4bbccfd4996cb3dc -> 
  custom:framework-win-MediaFoundation: 216162199b28c13a410421893ffa2e32 -> 
  custom:CustomObjectIndexerAttribute: 39606d92bcf39ac9cd6fca1116091104 -> 
  custom:container-demuxer-webm: 4f35f7cbe854078d1ac9338744f61a02 -> 
  custom:container-muxer-webm: aa71ff27fc2769a1b78a27578f13a17b -> 
  custom:video-decoder-webm-vp8: 9c59270c3fd7afecdb556c50c9e8de78 -> 
  custom:SearchIndexIgnoredProperties: e643bd26f0fe6173181afceb89e7c659 -> 
  custom:AudioImporter_EditorPlatform: d09bf68614088b80899f8185d706f6e7 -> 
  custom:video-encoder-webm-vp8: eb34c28f22e8b96e1ab97ce403110664 -> 
  custom:audio-decoder-ogg-vorbis: bf7c407c2cedff20999df2af8eb42d56 -> 
  custom:audio-encoder-webm-vorbis: bf7c407c2cedff20999df2af8eb42d56 -> 
========================================================================
Received Prepare
Begin MonoManager ReloadAssembly
- Loaded All Assemblies, in  1.326 seconds
Refreshing native plugins compatible for Editor in 42.06 ms, found 4 plugins.
Native extension for WindowsStandalone target not found
Mono: successfully reloaded assembly
- Finished resetting the current domain, in 22.252 seconds
Domain Reload Profiling: 23573ms
	BeginReloadAssembly (284ms)
		ExecutionOrderSort (0ms)
		DisableScriptedObjects (14ms)
		BackupInstance (0ms)
		ReleaseScriptingObjects (0ms)
		CreateAndSetChildDomain (69ms)
	RebuildCommonClasses (55ms)
	RebuildNativeTypeToScriptingClass (37ms)
	initialDomainReloadingComplete (80ms)
	LoadAllAssembliesAndSetupDomain (864ms)
		LoadAssemblies (999ms)
		RebuildTransferFunctionScriptingTraits (0ms)
		AnalyzeDomain (24ms)
			TypeCache.Refresh (10ms)
				TypeCache.ScanAssembly (0ms)
			ScanForSourceGeneratedMonoScriptInfo (1ms)
			ResolveRequiredComponents (12ms)
	FinalizeReload (22253ms)
		ReleaseScriptCaches (0ms)
		RebuildScriptCaches (0ms)
		SetupLoadedEditorAssemblies (1966ms)
			LogAssemblyErrors (0ms)
			InitializePlatformSupportModulesInManaged (27ms)
			SetLoadedEditorAssemblies (10ms)
			RefreshPlugins (0ms)
			BeforeProcessingInitializeOnLoad (145ms)
			ProcessInitializeOnLoadAttributes (1555ms)
			ProcessInitializeOnLoadMethodAttributes (218ms)
			AfterProcessingInitializeOnLoad (10ms)
			EditorAssembliesLoaded (1ms)
		ExecutionOrderSort2 (0ms)
		AwakeInstancesAfterBackupRestoration (34ms)
Refreshing native plugins compatible for Editor in 9.25 ms, found 4 plugins.
Preloading 0 native plugins for Editor in 0.00 ms.
Unloading 5854 Unused Serialized files (Serialized files now loaded: 0)
Unloading 64 unused Assets / (1.5 MB). Loaded Objects now: 6653.
Memory consumption went from 221.3 MB to 219.8 MB.
Total: 12.861000 ms (FindLiveObjects: 1.966100 ms CreateObjectMapping: 0.613200 ms MarkObjects: 9.258000 ms  DeleteObjects: 1.019700 ms)

Prepare: number of updated asset objects reloaded= 0
AssetImportParameters requested are different than current active one (requested -> active):
  custom:container-demuxer-ogg: 62fdf1f143b41e24485cea50d1cbac27 -> 
  custom:video-codec-MediaFoundation-h265: 746d11721c4dcdbdad8f713fa42b33f4 -> 
  custom:video-decoder-ogg-theora: a1e56fd34408186e4bbccfd4996cb3dc -> 
  custom:framework-win-MediaFoundation: 216162199b28c13a410421893ffa2e32 -> 
  custom:CustomObjectIndexerAttribute: 39606d92bcf39ac9cd6fca1116091104 -> 
  custom:container-demuxer-webm: 4f35f7cbe854078d1ac9338744f61a02 -> 
  custom:container-muxer-webm: aa71ff27fc2769a1b78a27578f13a17b -> 
  custom:video-decoder-webm-vp8: 9c59270c3fd7afecdb556c50c9e8de78 -> 
  custom:SearchIndexIgnoredProperties: e643bd26f0fe6173181afceb89e7c659 -> 
  custom:AudioImporter_EditorPlatform: d09bf68614088b80899f8185d706f6e7 -> 
  custom:video-encoder-webm-vp8: eb34c28f22e8b96e1ab97ce403110664 -> 
  custom:audio-decoder-ogg-vorbis: bf7c407c2cedff20999df2af8eb42d56 -> 
  custom:audio-encoder-webm-vorbis: bf7c407c2cedff20999df2af8eb42d56 -> 
========================================================================
Received Prepare
Begin MonoManager ReloadAssembly
- Loaded All Assemblies, in  6.841 seconds
Refreshing native plugins compatible for Editor in 14.64 ms, found 4 plugins.
Native extension for WindowsStandalone target not found
Mono: successfully reloaded assembly
- Finished resetting the current domain, in 12.227 seconds
Domain Reload Profiling: 19066ms
	BeginReloadAssembly (718ms)
		ExecutionOrderSort (0ms)
		DisableScriptedObjects (62ms)
		BackupInstance (0ms)
		ReleaseScriptingObjects (0ms)
		CreateAndSetChildDomain (138ms)
	RebuildCommonClasses (148ms)
	RebuildNativeTypeToScriptingClass (57ms)
	initialDomainReloadingComplete (261ms)
	LoadAllAssembliesAndSetupDomain (5653ms)
		LoadAssemblies (6028ms)
		RebuildTransferFunctionScriptingTraits (0ms)
		AnalyzeDomain (84ms)
			TypeCache.Refresh (41ms)
				TypeCache.ScanAssembly (0ms)
			ScanForSourceGeneratedMonoScriptInfo (5ms)
			ResolveRequiredComponents (37ms)
	FinalizeReload (12230ms)
		ReleaseScriptCaches (0ms)
		RebuildScriptCaches (0ms)
		SetupLoadedEditorAssemblies (903ms)
			LogAssemblyErrors (0ms)
			InitializePlatformSupportModulesInManaged (14ms)
			SetLoadedEditorAssemblies (10ms)
			RefreshPlugins (0ms)
			BeforeProcessingInitializeOnLoad (121ms)
			ProcessInitializeOnLoadAttributes (623ms)
			ProcessInitializeOnLoadMethodAttributes (124ms)
			AfterProcessingInitializeOnLoad (10ms)
			EditorAssembliesLoaded (1ms)
		ExecutionOrderSort2 (0ms)
		AwakeInstancesAfterBackupRestoration (30ms)
Refreshing native plugins compatible for Editor in 152.97 ms, found 4 plugins.
Preloading 0 native plugins for Editor in 0.00 ms.
Unloading 5854 Unused Serialized files (Serialized files now loaded: 0)
Unloading 64 unused Assets / (1.5 MB). Loaded Objects now: 6658.
Memory consumption went from 223.3 MB to 221.8 MB.
Total: 12.635700 ms (FindLiveObjects: 1.978600 ms CreateObjectMapping: 1.091300 ms MarkObjects: 8.835700 ms  DeleteObjects: 0.726800 ms)

Prepare: number of updated asset objects reloaded= 0
AssetImportParameters requested are different than current active one (requested -> active):
  custom:container-demuxer-ogg: 62fdf1f143b41e24485cea50d1cbac27 -> 
  custom:video-codec-MediaFoundation-h265: 746d11721c4dcdbdad8f713fa42b33f4 -> 
  custom:video-decoder-ogg-theora: a1e56fd34408186e4bbccfd4996cb3dc -> 
  custom:framework-win-MediaFoundation: 216162199b28c13a410421893ffa2e32 -> 
  custom:CustomObjectIndexerAttribute: 39606d92bcf39ac9cd6fca1116091104 -> 
  custom:container-demuxer-webm: 4f35f7cbe854078d1ac9338744f61a02 -> 
  custom:container-muxer-webm: aa71ff27fc2769a1b78a27578f13a17b -> 
  custom:video-decoder-webm-vp8: 9c59270c3fd7afecdb556c50c9e8de78 -> 
  custom:SearchIndexIgnoredProperties: e643bd26f0fe6173181afceb89e7c659 -> 
  custom:AudioImporter_EditorPlatform: d09bf68614088b80899f8185d706f6e7 -> 
  custom:video-encoder-webm-vp8: eb34c28f22e8b96e1ab97ce403110664 -> 
  custom:audio-decoder-ogg-vorbis: bf7c407c2cedff20999df2af8eb42d56 -> 
  custom:audio-encoder-webm-vorbis: bf7c407c2cedff20999df2af8eb42d56 -> 
========================================================================
Received Import Request.
  Time since last request: 207.431676 seconds.
  path: Assets/Sprites/Other
  artifactKey: Guid(87386ef9102d8404688b2f677660d805) Importer(815301076,1909f56bfc062723c751e8b465ee728b)
Start importing Assets/Sprites/Other using Guid(87386ef9102d8404688b2f677660d805) Importer(815301076,1909f56bfc062723c751e8b465ee728b)  -> (artifact id: '2ac4cc798a6466d7433bb9498578c5e4') in 0.019583 seconds
Number of updated asset objects reloaded before import = 0
Number of asset objects unloaded after import = 0
========================================================================
Received Import Request.
  Time since last request: 20.442655 seconds.
  path: Assets/ScriptableObjects/Statuses/Burning status.asset
  artifactKey: Guid(f5ea7ab33de527f4eb8787d9f087f09c) Importer(815301076,1909f56bfc062723c751e8b465ee728b)
Start importing Assets/ScriptableObjects/Statuses/Burning status.asset using Guid(f5ea7ab33de527f4eb8787d9f087f09c) Importer(815301076,1909f56bfc062723c751e8b465ee728b)  -> (artifact id: '71b3fbe811a3ff765931e17a1063572f') in 0.032968 seconds
Number of updated asset objects reloaded before import = 0
Number of asset objects unloaded after import = 2
